proguard-project.txt

# If your project uses WebView with JS, uncomment the following
# and specify the fully qualified class name to the JavaScript interface
# class:
#-keepclassmembers class fqcn.of.javascript.interface.for.webview {
#   public *;
#}

#添加jar的引用
-libraryjars libs/alipaysdk.jar
-libraryjars libs/gson-2.2.2.jar
-libraryjars libs/commons-codec-1.4.jar
-libraryjars libs/MobileSecSdk.jar
-libraryjars libs/pushservice-4.2.0.63.jar
-libraryjars libs/umeng-analytics-v5.2.4.jar
-libraryjars libs/utdid4all-1.0.4.jar
-libraryjars libs/xutils_hml_2.5.4.jar
-libraryjars libs/armeabi
-libraryjars libs/mips
-libraryjars libs/pinyin4j-2.5.0.jar
-libraryjars libs/baidumapapi_v3_1_0.jar
-libraryjars libs/android-query-full.0.26.7.jar
-libraryjars libs/Msc.jar

-optimizationpasses 5
-dontpreverify  
#-allowaccessmodification  
-dontusemixedcaseclassnames
-dontskipnonpubliclibraryclasses
-keepattributes *Annotation*  
#-dontskipnonpubliclibraryclassmembers  
-verbose  
  
-optimizations !code/simplification/arithmetic,!field/*,!class/merging/* 
-keep public class * extends android.app.Activity  
-keep public class * extends android.app.Application  
-keep public class * extends android.app.Service  
-keep public class * extends android.content.BroadcastReceiver  
-keep public class * extends android.content.ContentProvider  
-keep public class * extends android.support.v4.app.FragmentActivity  
-keep public class * extends android.support.v4.app.Fragment  
#-keep public class * extends android.app.backup.BackupAgentHelper
#-keep public class * extends android.preference.Preference
  
#-keep public class * extends android.view.View {  
#   public <init>(android.content.Context);  
#    public <init>(android.content.Context, android.util.AttributeSet);  
#    public <init>(android.content.Context, android.util.AttributeSet, int);  
#    public void set*(...);  
#    public void get*(...);
#}  
  
#-keepclasseswithmembers class * {  
#    public <init>(android.content.Context, android.util.AttributeSet);  
#}  
  
#-keepclasseswithmembers class * {  
#    public <init>(android.content.Context, android.util.AttributeSet, int);  
#}  
  
#-keepclassmembers class * extends android.content.Context {  
#   public void *(android.view.View);  
#   public void *(android.view.MenuItem);  
#}  
  
-keepclassmembers class * implements android.os.Parcelable {  
    static android.os.Parcelable$Creator CREATOR;  
}  
  
#所有R文件不被混淆
#-keepclassmembers class **.R$* {  
#    public static <fields>;  
#}  
-keep class **.R$* { *;} 

#保护所有bean文件不被混淆，防止json反射失败
-keep class com.ipassistat.ipa.bean.** { *;}

# Explicitly preserve all serialization members. The Serializable interface  
# is only a marker interface, so it wouldn't save them.  
-keep public class * implements java.io.Serializable {
        public *;
}
-keepclassmembers class * implements java.io.Serializable {  
    static final long serialVersionUID;  
    private static final java.io.ObjectStreamField[] serialPersistentFields;  
    private void writeObject(java.io.ObjectOutputStream);  
    private void readObject(java.io.ObjectInputStream);  
    java.lang.Object writeReplace();  
    java.lang.Object readResolve();  
}  
  
# Preserve all native method names and the names of their classes.  
 -keepclasseswithmembernames class * {  
    native <methods>;  
}  
  
#-keepclasseswithmembernames class * {  
#    public <init>(android.content.Context, android.util.AttributeSet);  
#}  
  
#-keepclasseswithmembernames class * {  
#    public <init>(android.content.Context, android.util.AttributeSet, int);  
#}  
  
# Preserve static fields of inner classes of R classes that might be accessed  
# through introspection.  

  
# Preserve the special static methods that are required in all enumeration classes.  
-keepclassmembers enum * {  
    public static **[] values();  
    public static ** valueOf(java.lang.String);  
}  
  
 
  
#-keep public class * {  
#    public protected *;  
#}  
  
-keep class * implements android.os.Parcelable {  
    public static final android.os.Parcelable$Creator *;  
}  
  
##---------------Begin: proguard configuration for Gson  ----------  
# Gson uses generic type information stored in a class file when working with fields. Proguard  
# removes such information by default, so configure it to keep all of it.  
-keepattributes Signature  
  
# Gson specific classes  
-keep class sun.misc.Unsafe { *; }  
-keep class com.google.gson.stream.** { *; }  
-keep class com.google.gson.examples.android.model.** { *; }   
-keep class com.google.gson.** { *;}  
  
# Application classes that will be serialized/deserialized over Gson  
-keep class com.antew.redditinpictures.library.imgur.** { *; }  
-keep class com.antew.redditinpictures.library.reddit.** { *; }  
 

#---------------End: proguard configuration for Gson  ----------  
  
-dontwarn android.support.**  
-dontwarn com.google.android.maps.**  
-dontwarn com.slidingmenu.lib.app.SlidingMapActivity  

-keep class android.support.** { *; }  
#所有实体类所在包  
-keep class org.hdstar.common.**{ *; }  

#不提示这些
-dontwarn org.apache.**
-dontwarn com.squareup.picasso.**
-dontwarn com.jeremyfeinstein.**
-dontwarn com.baidu.**
-dontwarn com.alibaba.**
-dontwarn net.sourceforge.**
-dontwarn demo.**

#不混淆这些
-keep class org.apache.** { *;}
-keep class com.alipay.** { *;}
-keep class com.unionpay.** { *;}
-keep class com.jeremyfeinstein.** { *;}
-keep class com.baidu.** { *;}
-keep class com.alibaba.** { *;}
-keep class net.sourceforge.** { *;}

-keep public class [your_pkg].R$*{
    public static final int *;
}
 -keep class com.iflytek.**{*;}
#umeng 
-dontshrink
-dontoptimize
-dontwarn com.google.android.maps.**
-dontwarn android.webkit.WebView
-dontwarn com.umeng.**
-dontwarn com.tencent.weibo.sdk.**
-dontwarn com.facebook.**
-dontwarn com.androidquery.**

#-libraryjars libs/SocialSDK_QQZone_2.jar

-keep enum com.facebook.**
-keepattributes Exceptions,InnerClasses,Signature
-keepattributes *Annotation*
-keepattributes SourceFile,LineNumberTable

-keep public interface com.facebook.**
-keep public interface com.tencent.**
-keep public interface com.umeng.socialize.**
-keep public interface com.umeng.socialize.sensor.**
-keep public interface com.umeng.scrshot.**

-keep public class com.umeng.socialize.* {*;}
-keep public class javax.**
-keep public class android.webkit.**


-keep class com.facebook.**
-keep class com.umeng.scrshot.**
-keep public class com.tencent.** {*;}
-keep class com.umeng.socialize.sensor.**

-keep class com.tencent.mm.sdk.openapi.WXMediaMessage {*;}

-keep class com.tencent.mm.sdk.openapi.** implements com.tencent.mm.sdk.openapi.WXMediaMessage$IMediaObject {*;}

-keep class im.yixin.sdk.api.YXMessage {*;}
-keep class im.yixin.sdk.api.** implements im.yixin.sdk.api.YXMessage$YXMessageData{*;}

-keep class * extends java.lang.annotation.Annotation { *; }
#umeng caculate
-keep public class [com.ipassistat.ipa].R$*{
    public static final int *;
}
-keepclassmembers class * {
   public <init>(org.json.JSONObject);
}