proguard/seeds.txt
com.ipassistat.ipa.IpaApplication
com.ipassistat.ipa.IpaApplication: IpaApplication()
com.ipassistat.ipa.R$anim
com.ipassistat.ipa.R$anim: int abc_fade_in
com.ipassistat.ipa.R$anim: int abc_fade_out
com.ipassistat.ipa.R$anim: int abc_slide_in_bottom
com.ipassistat.ipa.R$anim: int abc_slide_in_top
com.ipassistat.ipa.R$anim: int abc_slide_out_bottom
com.ipassistat.ipa.R$anim: int abc_slide_out_top
com.ipassistat.ipa.R$anim: int fragment_back_left_in
com.ipassistat.ipa.R$anim: int fragment_back_right_out
com.ipassistat.ipa.R$anim: int fragment_push_left_in
com.ipassistat.ipa.R$anim: int fragment_push_left_out
com.ipassistat.ipa.R$anim: int progress_bar_circle
com.ipassistat.ipa.R$anim: int shake_umeng_socialize_cycle_5
com.ipassistat.ipa.R$anim: int shake_umeng_socialize_dlg_alpha
com.ipassistat.ipa.R$anim: int shake_umeng_socialize_dlg_scale
com.ipassistat.ipa.R$anim: int shake_umeng_socialize_edit_anim
com.ipassistat.ipa.R$anim: int shake_umeng_socialize_imageview_rotate
com.ipassistat.ipa.R$anim: int shake_umeng_socialize_scrshot_dlg
com.ipassistat.ipa.R$anim: int umeng_socialize_fade_in
com.ipassistat.ipa.R$anim: int umeng_socialize_fade_out
com.ipassistat.ipa.R$anim: int umeng_socialize_shareboard_animation_in
com.ipassistat.ipa.R$anim: int umeng_socialize_shareboard_animation_out
com.ipassistat.ipa.R$anim: int umeng_socialize_slide_in_from_bottom
com.ipassistat.ipa.R$anim: int umeng_socialize_slide_out_from_bottom
com.ipassistat.ipa.R$anim: int zoomin
com.ipassistat.ipa.R$anim: int zoomout
com.ipassistat.ipa.R$anim: R$anim()
com.ipassistat.ipa.R$array
com.ipassistat.ipa.R$array: int expectant
com.ipassistat.ipa.R$array: int pay_type
com.ipassistat.ipa.R$array: int photo_from
com.ipassistat.ipa.R$array: int sex
com.ipassistat.ipa.R$array: int sistergroup_bottom_btn
com.ipassistat.ipa.R$array: int sistergroup_button_agree
com.ipassistat.ipa.R$array: int sistergroup_message_type
com.ipassistat.ipa.R$array: int sistergroup_post_action
com.ipassistat.ipa.R$array: int sistergroup_post_collect_action
com.ipassistat.ipa.R$array: int sistergroup_post_message_action
com.ipassistat.ipa.R$array: int skin_type
com.ipassistat.ipa.R$array: int trial_free
com.ipassistat.ipa.R$array: int trial_postage
com.ipassistat.ipa.R$array: R$array()
com.ipassistat.ipa.R$attr
com.ipassistat.ipa.R$attr: int SwipeBackLayoutStyle
com.ipassistat.ipa.R$attr: int actionBarDivider
com.ipassistat.ipa.R$attr: int actionBarItemBackground
com.ipassistat.ipa.R$attr: int actionBarSize
com.ipassistat.ipa.R$attr: int actionBarSplitStyle
com.ipassistat.ipa.R$attr: int actionBarStyle
com.ipassistat.ipa.R$attr: int actionBarTabBarStyle
com.ipassistat.ipa.R$attr: int actionBarTabStyle
com.ipassistat.ipa.R$attr: int actionBarTabTextStyle
com.ipassistat.ipa.R$attr: int actionBarWidgetTheme
com.ipassistat.ipa.R$attr: int actionButtonStyle
com.ipassistat.ipa.R$attr: int actionDropDownStyle
com.ipassistat.ipa.R$attr: int actionLayout
com.ipassistat.ipa.R$attr: int actionMenuTextAppearance
com.ipassistat.ipa.R$attr: int actionMenuTextColor
com.ipassistat.ipa.R$attr: int actionModeBackground
com.ipassistat.ipa.R$attr: int actionModeCloseButtonStyle
com.ipassistat.ipa.R$attr: int actionModeCloseDrawable
com.ipassistat.ipa.R$attr: int actionModeCopyDrawable
com.ipassistat.ipa.R$attr: int actionModeCutDrawable
com.ipassistat.ipa.R$attr: int actionModeFindDrawable
com.ipassistat.ipa.R$attr: int actionModePasteDrawable
com.ipassistat.ipa.R$attr: int actionModePopupWindowStyle
com.ipassistat.ipa.R$attr: int actionModeSelectAllDrawable
com.ipassistat.ipa.R$attr: int actionModeShareDrawable
com.ipassistat.ipa.R$attr: int actionModeSplitBackground
com.ipassistat.ipa.R$attr: int actionModeStyle
com.ipassistat.ipa.R$attr: int actionModeWebSearchDrawable
...
android.support.v4.graphics.drawable.DrawableCompat$KitKatDrawableImpl
android.support.v4.graphics.drawable.DrawableCompat$KitKatDrawableImpl: DrawableCompat$KitKatDrawableImpl()
android.support.v4.graphics.drawable.DrawableCompat$KitKatDrawableImpl: void setAutoMirrored(android.graphics.drawable.Drawable,boolean)
android.support.v4.graphics.drawable.DrawableCompat$KitKatDrawableImpl: boolean isAutoMirrored(android.graphics.drawable.Drawable)
android.support.v4.graphics.drawable.DrawableCompatHoneycomb
android.support.v4.graphics.drawable.DrawableCompatHoneycomb: DrawableCompatHoneycomb()
android.support.v4.graphics.drawable.DrawableCompatHoneycomb: void jumpToCurrentState(android.graphics.drawable.Drawable)
android.support.v4.graphics.drawable.DrawableCompatKitKat
android.support.v4.graphics.drawable.DrawableCompatKitKat: DrawableCompatKitKat()
android.support.v4.graphics.drawable.DrawableCompatKitKat: void setAutoMirrored(android.graphics.drawable.Drawable,boolean)
android.support.v4.graphics.drawable.DrawableCompatKitKat: boolean isAutoMirrored(android.graphics.drawable.Drawable)
android.support.v4.hardware.display.DisplayManagerCompat
android.support.v4.hardware.display.DisplayManagerCompat: java.util.WeakHashMap sInstances
android.support.v4.hardware.display.DisplayManagerCompat: java.lang.String DISPLAY_CATEGORY_PRESENTATION
android.support.v4.hardware.display.DisplayManagerCompat: DisplayManagerCompat()
android.support.v4.hardware.display.DisplayManagerCompat: android.support.v4.hardware.display.DisplayManagerCompat getInstance(android.content.Context)
android.support.v4.hardware.display.DisplayManagerCompat: android.view.Display getDisplay(int)
android.support.v4.hardware.display.DisplayManagerCompat: android.view.Display[] getDisplays()
android.support.v4.hardware.display.DisplayManagerCompat: android.view.Display[] getDisplays(java.lang.String)
android.support.v4.hardware.display.DisplayManagerCompat: void <clinit>()
android.support.v4.hardware.display.DisplayManagerCompat$JellybeanMr1Impl
android.support.v4.hardware.display.DisplayManagerCompat$JellybeanMr1Impl: java.lang.Object mDisplayManagerObj
android.support.v4.hardware.display.DisplayManagerCompat$JellybeanMr1Impl: DisplayManagerCompat$JellybeanMr1Impl(android.content.Context)
android.support.v4.hardware.display.DisplayManagerCompat$JellybeanMr1Impl: android.view.Display getDisplay(int)
android.support.v4.hardware.display.DisplayManagerCompat$JellybeanMr1Impl: android.view.Display[] getDisplays()
android.support.v4.hardware.display.DisplayManagerCompat$JellybeanMr1Impl: android.view.Display[] getDisplays(java.lang.String)
android.support.v4.hardware.display.DisplayManagerCompat$LegacyImpl
android.support.v4.hardware.display.DisplayManagerCompat$LegacyImpl: android.view.WindowManager mWindowManager
android.support.v4.hardware.display.DisplayManagerCompat$LegacyImpl: DisplayManagerCompat$LegacyImpl(android.content.Context)
android.support.v4.hardware.display.DisplayManagerCompat$LegacyImpl: android.view.Display getDisplay(int)
android.support.v4.hardware.display.DisplayManagerCompat$LegacyImpl: android.view.Display[] getDisplays()
android.support.v4.hardware.display.DisplayManagerCompat$LegacyImpl: android.view.Display[] getDisplays(java.lang.String)
android.support.v4.hardware.display.DisplayManagerJellybeanMr1
android.support.v4.hardware.display.DisplayManagerJellybeanMr1: DisplayManagerJellybeanMr1()
android.support.v4.hardware.display.DisplayManagerJellybeanMr1: java.lang.Object getDisplayManager(android.content.Context)
android.support.v4.hardware.display.DisplayManagerJellybeanMr1: android.view.Display getDisplay(java.lang.Object,int)
android.support.v4.hardware.display.DisplayManagerJellybeanMr1: android.view.Display[] getDisplays(java.lang.Object)
android.support.v4.hardware.display.DisplayManagerJellybeanMr1: android.view.Display[] getDisplays(java.lang.Object,java.lang.String)