proguard/mapping.txt
com.ipassistat.ipa.BuildConfig -> com.ipassistat.ipa.a:
    boolean DEBUG -> a
com.ipassistat.ipa.IpaApplication -> com.ipassistat.ipa.IpaApplication:
    32:76:void onCreate() -> onCreate
    80:82:void onLowMemory() -> onLowMemory
com.ipassistat.ipa.Manifest -> com.ipassistat.ipa.b:
com.ipassistat.ipa.Manifest$permission -> com.ipassistat.ipa.b$a:
    java.lang.String BAIDU_LOCATION_SERVICE -> a
com.ipassistat.ipa.R -> com.ipassistat.ipa.R:
com.ipassistat.ipa.R$anim -> com.ipassistat.ipa.R$anim:
    int abc_fade_in -> abc_fade_in
    int abc_fade_out -> abc_fade_out
    int abc_slide_in_bottom -> abc_slide_in_bottom
    int abc_slide_in_top -> abc_slide_in_top
    int abc_slide_out_bottom -> abc_slide_out_bottom
    int abc_slide_out_top -> abc_slide_out_top
    int fragment_back_left_in -> fragment_back_left_in
    int fragment_back_right_out -> fragment_back_right_out
    int fragment_push_left_in -> fragment_push_left_in
    int fragment_push_left_out -> fragment_push_left_out
    int progress_bar_circle -> progress_bar_circle
    int shake_umeng_socialize_cycle_5 -> shake_umeng_socialize_cycle_5
    int shake_umeng_socialize_dlg_alpha -> shake_umeng_socialize_dlg_alpha
    int shake_umeng_socialize_dlg_scale -> shake_umeng_socialize_dlg_scale
    int shake_umeng_socialize_edit_anim -> shake_umeng_socialize_edit_anim
    int shake_umeng_socialize_imageview_rotate -> shake_umeng_socialize_imageview_rotate
    int shake_umeng_socialize_scrshot_dlg -> shake_umeng_socialize_scrshot_dlg
    int umeng_socialize_fade_in -> umeng_socialize_fade_in
    int umeng_socialize_fade_out -> umeng_socialize_fade_out
    int umeng_socialize_shareboard_animation_in -> umeng_socialize_shareboard_animation_in
    int umeng_socialize_shareboard_animation_out -> umeng_socialize_shareboard_animation_out
    int umeng_socialize_slide_in_from_bottom -> umeng_socialize_slide_in_from_bottom
com.ipassistat.ipa.R$array -> com.ipassistat.ipa.R$array:
    int expectant -> expectant
    int pay_type -> pay_type
    int photo_from -> photo_from
    int sex -> sex
    int sistergroup_bottom_btn -> sistergroup_bottom_btn
    int sistergroup_button_agree -> sistergroup_button_agree
    int sistergroup_message_type -> sistergroup_message_type
    int sistergroup_post_action -> sistergroup_post_action
    int sistergroup_post_collect_action -> sistergroup_post_collect_action
    int sistergroup_post_message_action -> sistergroup_post_message_action
    int skin_type -> skin_type
    int trial_free -> trial_free
    int trial_postage -> trial_postage
...
com.tencent.connect.dataprovider.DataType$TextOnly -> com.tencent.connect.dataprovider.DataType$TextOnly:
    java.lang.String a -> a
    android.os.Parcelable$Creator CREATOR -> CREATOR
    63:63:java.lang.String getText() -> getText
    68:68:int describeContents() -> describeContents
    73:74:void writeToParcel(android.os.Parcel,int) -> writeToParcel
com.tencent.connect.dataprovider.DataType$TextOnly$1 -> com.tencent.connect.dataprovider.b:
    78:78:com.tencent.connect.dataprovider.DataType$TextOnly createFromParcel(android.os.Parcel) -> a
    82:82:com.tencent.connect.dataprovider.DataType$TextOnly[] newArray(int) -> a
    76:76:java.lang.Object[] newArray(int) -> newArray
    76:76:java.lang.Object createFromParcel(android.os.Parcel) -> createFromParcel
com.tencent.connect.dataprovider.ErrorCode -> com.tencent.connect.dataprovider.ErrorCode:
    int Success -> Success
    int NotSupportThisDataType -> NotSupportThisDataType
    int NotFromTencentApp -> NotFromTencentApp
    int NotFoundReturnActivity -> NotFoundReturnActivity
    int NotFoundTargetApp -> NotFoundTargetApp
    int FileNotInSdCard -> FileNotInSdCard
    int FileSizeTooLarge -> FileSizeTooLarge
    int PathIsNull -> PathIsNull
    int FileNotExist -> FileNotExist
    int FileIsEmpty -> FileIsEmpty
    int SdCardNotExist -> SdCardNotExist
com.tencent.connect.share.QQShare -> com.tencent.connect.share.QQShare:
    java.lang.String SHARE_TO_QQ_IMAGE_URL -> SHARE_TO_QQ_IMAGE_URL
    java.lang.String SHARE_TO_QQ_IMAGE_LOCAL_URL -> SHARE_TO_QQ_IMAGE_LOCAL_URL
    java.lang.String SHARE_TO_QQ_TITLE -> SHARE_TO_QQ_TITLE
    java.lang.String SHARE_TO_QQ_SUMMARY -> SHARE_TO_QQ_SUMMARY
    java.lang.String SHARE_TO_QQ_SITE -> SHARE_TO_QQ_SITE
    java.lang.String SHARE_TO_QQ_TARGET_URL -> SHARE_TO_QQ_TARGET_URL
    java.lang.String SHARE_TO_QQ_APP_NAME -> SHARE_TO_QQ_APP_NAME
    java.lang.String SHARE_TO_QQ_AUDIO_URL -> SHARE_TO_QQ_AUDIO_URL
    java.lang.String SHARE_TO_QQ_KEY_TYPE -> SHARE_TO_QQ_KEY_TYPE
    java.lang.String SHARE_TO_QQ_EXT_STR -> SHARE_TO_QQ_EXT_STR
    java.lang.String SHARE_TO_QQ_EXT_INT -> SHARE_TO_QQ_EXT_INT
    int SHARE_TO_QQ_FLAG_QZONE_AUTO_OPEN -> SHARE_TO_QQ_FLAG_QZONE_AUTO_OPEN
    int SHARE_TO_QQ_FLAG_QZONE_ITEM_HIDE -> SHARE_TO_QQ_FLAG_QZONE_ITEM_HIDE
    int SHARE_TO_QQ_TYPE_DEFAULT -> SHARE_TO_QQ_TYPE_DEFAULT
    int SHARE_TO_QQ_TYPE_AUDIO -> SHARE_TO_QQ_TYPE_AUDIO
    int SHARE_TO_QQ_TYPE_IMAGE -> SHARE_TO_QQ_TYPE_IMAGE
    67:149:void shareToQQ(android.app.Activity,android.os.Bundle,com.tencent.tauth.IUiListener) -> shareToQQ
    155:247:void a(android.app.Activity,android.os.Bundle,com.tencent.tauth.IUiListener) -> a
    250:339:void b(android.app.Activity,android.os.Bundle,com.tencent.tauth.IUiListener) -> b
com.tencent.connect.share.QQShare$1 -> com.tencent.connect.share.b:
    android.os.Bundle a -> a
    java.lang.String b -> b
    java.lang.String c -> c
    com.tencent.tauth.IUiListener d -> d
    android.app.Activity e -> e
    com.tencent.connect.share.QQShare f -> f
    181:196:void saved(int,java.lang.String) -> saved
    202:202:void batchSaved(int,java.util.ArrayList) -> batchSaved
com.tencent.connect.share.QQShare$2 -> com.tencent.connect.share.c:
    android.os.Bundle a -> a
    java.lang.String b -> b
    java.lang.String c -> c
    com.tencent.tauth.IUiListener d -> d
    android.app.Activity e -> e
    com.tencent.connect.share.QQShare f -> f
    219:232:void saved(int,java.lang.String) -> saved
    238:238:void batchSaved(int,java.util.ArrayList) -> batchSaved